>hadoop jar wordcountmapperonly.jar /HadoopInputFiles mapperonlyoutput
2021-08-13 17:51:35,699 INFO client.RMProxy: Connecting to ResourceManager at test-cluster-m/10.128.0.9:8032
2021-08-13 17:51:35,976 INFO client.AHSProxy: Connecting to Application History server at test-cluster-m/10.128.0.9:10200
2021-08-13 17:51:36,297 INFO mapreduce.JobResourceUploader: Disabling Erasure Coding for path: /tmp/hadoop-yarn/staging/engineereddata/.staging/job_1628876160484_0001
2021-08-13 17:51:36,687 INFO input.FileInputFormat: Total input files to process : 3
2021-08-13 17:51:36,797 INFO mapreduce.JobSubmitter: number of splits:3
2021-08-13 17:51:37,000 INFO mapreduce.JobSubmitter: Submitting tokens for job: job_1628876160484_0001
2021-08-13 17:51:37,002 INFO mapreduce.JobSubmitter: Executing with tokens: []
2021-08-13 17:51:37,313 INFO conf.Configuration: resource-types.xml not found
2021-08-13 17:51:37,314 INFO resource.ResourceUtils: Unable to find 'resource-types.xml'.
2021-08-13 17:51:37,842 INFO impl.YarnClientImpl: Submitted application application_1628876160484_0001
2021-08-13 17:51:38,005 INFO mapreduce.Job: The url to track the job: http://test-cluster-m:8088/proxy/application_1628876160484_0001/
2021-08-13 17:51:38,008 INFO mapreduce.Job: Running job: job_1628876160484_0001
2021-08-13 17:51:51,409 INFO mapreduce.Job: Job job_1628876160484_0001 running in uber mode : false
2021-08-13 17:51:51,411 INFO mapreduce.Job:  map 0% reduce 0%
2021-08-13 17:51:57,494 INFO mapreduce.Job:  map 33% reduce 0%
2021-08-13 17:52:03,537 INFO mapreduce.Job:  map 100% reduce 0%
2021-08-13 17:52:09,587 INFO mapreduce.Job:  map 100% reduce 33%
2021-08-13 17:52:11,599 INFO mapreduce.Job:  map 100% reduce 67%
2021-08-13 17:52:13,611 INFO mapreduce.Job:  map 100% reduce 100%
2021-08-13 17:52:15,631 INFO mapreduce.Job: Job job_1628876160484_0001 completed successfully
2021-08-13 17:52:15,735 INFO mapreduce.Job: Counters: 55
        File System Counters
                FILE: Number of bytes read=849
                FILE: Number of bytes written=1467903
                FILE: Number of read operations=0
                FILE: Number of large read operations=0
                FILE: Number of write operations=0
                HDFS: Number of bytes read=759
                HDFS: Number of bytes written=543
                HDFS: Number of read operations=24
                HDFS: Number of large read operations=0
                HDFS: Number of write operations=9
                HDFS: Number of bytes read erasure-coded=0
        Job Counters
                Killed map tasks=1
                Launched map tasks=3
                Launched reduce tasks=3
                Data-local map tasks=3
                Total time spent by all maps in occupied slots (ms)=67101696
                Total time spent by all reduces in occupied slots (ms)=52494336
                Total time spent by all map tasks (ms)=21843
                Total time spent by all reduce tasks (ms)=17088
                Total vcore-milliseconds taken by all map tasks=21843
                Total vcore-milliseconds taken by all reduce tasks=17088
                Total megabyte-milliseconds taken by all map tasks=67101696
                Total megabyte-milliseconds taken by all reduce tasks=52494336
        Map-Reduce Framework
                Map input records=15
                Map output records=72
                Map output bytes=687
                Map output materialized bytes=885
                Input split bytes=360
                Combine input records=0
                Combine output records=0
                Reduce input groups=59
                Reduce shuffle bytes=885
                Reduce input records=72
                Reduce output records=72
                Spilled Records=144
                Shuffled Maps =9
                Failed Shuffles=0
                Merged Map outputs=9
                GC time elapsed (ms)=855
                CPU time spent (ms)=3860
                Physical memory (bytes) snapshot=2280456192
                Virtual memory (bytes) snapshot=26083090432
                Total committed heap usage (bytes)=1901068288
                Peak Map Physical memory (bytes)=534810624
                Peak Map Virtual memory (bytes)=4345638912
                Peak Reduce Physical memory (bytes)=258060288
                Peak Reduce Virtual memory (bytes)=4349902848
        Shuffle Errors
                BAD_ID=0
                CONNECTION=0
                IO_ERROR=0
                WRONG_LENGTH=0
                WRONG_MAP=0
                WRONG_REDUCE=0
        File Input Format Counters
                Bytes Read=399
        File Output Format Counters
                Bytes Written=543