> hadoop jar wordcountmapperonly.jar -D mapred.reduce.tasks=0 /HadoopInputFiles /mapperonlyoutput
2021-08-13 20:06:06,001 INFO client.RMProxy: Connecting to ResourceManager at test-cluster-m/10.128.0.9:8032
2021-08-13 20:06:06,228 INFO client.AHSProxy: Connecting to Application History server at test-cluster-m/10.128.0.9:10200
2021-08-13 20:06:06,474 INFO mapreduce.JobResourceUploader: Disabling Erasure Coding for path: /tmp/hadoop-yarn/staging/engineereddata/.staging/job_1628876160484_0014
2021-08-13 20:06:06,845 INFO input.FileInputFormat: Total input files to process : 3
2021-08-13 20:06:06,850 WARN concurrent.ExecutorHelper: Thread (Thread[GetFileInfo #1,5,main]) interrupted:
java.lang.InterruptedException
        at com.google.common.util.concurrent.AbstractFuture.get(AbstractFuture.java:510)
        at com.google.common.util.concurrent.FluentFuture$TrustedFuture.get(FluentFuture.java:88)
        at org.apache.hadoop.util.concurrent.ExecutorHelper.logThrowableFromAfterExecute(ExecutorHelper.java:48)
        at org.apache.hadoop.util.concurrent.HadoopThreadPoolExecutor.afterExecute(HadoopThreadPoolExecutor.java:90)
        at java.util.concurrent.ThreadPoolExecutor.runWorker(ThreadPoolExecutor.java:1157)
        at java.util.concurrent.ThreadPoolExecutor$Worker.run(ThreadPoolExecutor.java:624)
        at java.lang.Thread.run(Thread.java:748)
2021-08-13 20:06:06,934 INFO mapreduce.JobSubmitter: number of splits:3
2021-08-13 20:06:06,989 INFO Configuration.deprecation: mapred.reduce.tasks is deprecated. Instead, use mapreduce.job.reduces
2021-08-13 20:06:07,146 INFO mapreduce.JobSubmitter: Submitting tokens for job: job_1628876160484_0014
2021-08-13 20:06:07,148 INFO mapreduce.JobSubmitter: Executing with tokens: []
2021-08-13 20:06:07,458 INFO conf.Configuration: resource-types.xml not found
2021-08-13 20:06:07,458 INFO resource.ResourceUtils: Unable to find 'resource-types.xml'.
2021-08-13 20:06:07,541 INFO impl.YarnClientImpl: Submitted application application_1628876160484_0014
2021-08-13 20:06:07,580 INFO mapreduce.Job: The url to track the job: http://test-cluster-m:8088/proxy/application_1628876160484_0014/
2021-08-13 20:06:07,581 INFO mapreduce.Job: Running job: job_1628876160484_0014
2021-08-13 20:06:16,751 INFO mapreduce.Job: Job job_1628876160484_0014 running in uber mode : false
2021-08-13 20:06:16,752 INFO mapreduce.Job:  map 0% reduce 0%
2021-08-13 20:06:22,833 INFO mapreduce.Job:  map 33% reduce 0%
2021-08-13 20:06:25,853 INFO mapreduce.Job:  map 100% reduce 0%
2021-08-13 20:06:27,875 INFO mapreduce.Job: Job job_1628876160484_0014 completed successfully
2021-08-13 20:06:27,977 INFO mapreduce.Job: Counters: 33
        File System Counters
                FILE: Number of bytes read=0
                FILE: Number of bytes written=732480
                FILE: Number of read operations=0
                FILE: Number of large read operations=0
                FILE: Number of write operations=0
                HDFS: Number of bytes read=759
                HDFS: Number of bytes written=543
                HDFS: Number of read operations=21
                HDFS: Number of large read operations=0
                HDFS: Number of write operations=9
                HDFS: Number of bytes read erasure-coded=0
        Job Counters
                Launched map tasks=3
                Data-local map tasks=3
                Total time spent by all maps in occupied slots (ms)=53975040
                Total time spent by all reduces in occupied slots (ms)=0
                Total time spent by all map tasks (ms)=17570
                Total vcore-milliseconds taken by all map tasks=17570
                Total megabyte-milliseconds taken by all map tasks=53975040
        Map-Reduce Framework
                Map input records=15
                Map output records=72
                Input split bytes=360
                Spilled Records=0
                Failed Shuffles=0
                Merged Map outputs=0
                GC time elapsed (ms)=417
                CPU time spent (ms)=1790
                Physical memory (bytes) snapshot=780763136
                Virtual memory (bytes) snapshot=13040570368
                Total committed heap usage (bytes)=555745280
                Peak Map Physical memory (bytes)=262385664
                Peak Map Virtual memory (bytes)=4347650048
        File Input Format Counters
                Bytes Read=399
        File Output Format Counters
                Bytes Written=543