> hadoop jar wordcountmapreduce.jar -Dmapreduce.job.reduces=1 /HadoopInputFiles /mapreduceoutput
2021-08-13 19:15:10,085 INFO client.RMProxy: Connecting to ResourceManager at test-cluster-m/10.128.0.9:8032
2021-08-13 19:15:10,323 INFO client.AHSProxy: Connecting to Application History server at test-cluster-m/10.128.0.9:10200
2021-08-13 19:15:10,581 INFO mapreduce.JobResourceUploader: Disabling Erasure Coding for path: /tmp/hadoop-yarn/staging/engineereddata/.staging/job_1628876160484_0012
2021-08-13 19:15:10,880 WARN concurrent.ExecutorHelper: Thread (Thread[GetFileInfo #1,5,main]) interrupted:
java.lang.InterruptedException
        at com.google.common.util.concurrent.AbstractFuture.get(AbstractFuture.java:510)
        at com.google.common.util.concurrent.FluentFuture$TrustedFuture.get(FluentFuture.java:88)
        at org.apache.hadoop.util.concurrent.ExecutorHelper.logThrowableFromAfterExecute(ExecutorHelper.java:48)
        at org.apache.hadoop.util.concurrent.HadoopThreadPoolExecutor.afterExecute(HadoopThreadPoolExecutor.java:90)
        at java.util.concurrent.ThreadPoolExecutor.runWorker(ThreadPoolExecutor.java:1157)
        at java.util.concurrent.ThreadPoolExecutor$Worker.run(ThreadPoolExecutor.java:624)
        at java.lang.Thread.run(Thread.java:748)
2021-08-13 19:15:10,883 INFO input.FileInputFormat: Total input files to process : 3
2021-08-13 19:15:10,975 INFO mapreduce.JobSubmitter: number of splits:3
2021-08-13 19:15:11,206 INFO mapreduce.JobSubmitter: Submitting tokens for job: job_1628876160484_0012
2021-08-13 19:15:11,209 INFO mapreduce.JobSubmitter: Executing with tokens: []
2021-08-13 19:15:11,489 INFO conf.Configuration: resource-types.xml not found
2021-08-13 19:15:11,489 INFO resource.ResourceUtils: Unable to find 'resource-types.xml'.
2021-08-13 19:15:11,628 INFO impl.YarnClientImpl: Submitted application application_1628876160484_0012
2021-08-13 19:15:11,669 INFO mapreduce.Job: The url to track the job: http://test-cluster-m:8088/proxy/application_1628876160484_0012/
2021-08-13 19:15:11,670 INFO mapreduce.Job: Running job: job_1628876160484_0012
2021-08-13 19:15:20,795 INFO mapreduce.Job: Job job_1628876160484_0012 running in uber mode : false
2021-08-13 19:15:20,796 INFO mapreduce.Job:  map 0% reduce 0%
2021-08-13 19:15:26,875 INFO mapreduce.Job:  map 33% reduce 0%
2021-08-13 19:15:29,894 INFO mapreduce.Job:  map 100% reduce 0%
2021-08-13 19:15:35,935 INFO mapreduce.Job:  map 100% reduce 100%
2021-08-13 19:15:37,958 INFO mapreduce.Job: Job job_1628876160484_0012 completed successfully
2021-08-13 19:15:38,061 INFO mapreduce.Job: Counters: 54
        File System Counters
                FILE: Number of bytes read=828
                FILE: Number of bytes written=980345
                FILE: Number of read operations=0
                FILE: Number of large read operations=0
                FILE: Number of write operations=0
                HDFS: Number of bytes read=759
                HDFS: Number of bytes written=458
                HDFS: Number of read operations=14
                HDFS: Number of large read operations=0
                HDFS: Number of write operations=3
                HDFS: Number of bytes read erasure-coded=0
        Job Counters
                Launched map tasks=3
                Launched reduce tasks=1
                Data-local map tasks=3
                Total time spent by all maps in occupied slots (ms)=52595712
                Total time spent by all reduces in occupied slots (ms)=10616832
                Total time spent by all map tasks (ms)=17121
                Total time spent by all reduce tasks (ms)=3456
                Total vcore-milliseconds taken by all map tasks=17121
                Total vcore-milliseconds taken by all reduce tasks=3456
                Total megabyte-milliseconds taken by all map tasks=52595712
                Total megabyte-milliseconds taken by all reduce tasks=10616832
        Map-Reduce Framework
                Map input records=15
                Map output records=72
                Map output bytes=687
                Map output materialized bytes=840
                Input split bytes=360
                Combine input records=72
                Combine output records=71
                Reduce input groups=59
                Reduce shuffle bytes=840
                Reduce input records=71
                Reduce output records=59
                Spilled Records=142
                Shuffled Maps =3
                Failed Shuffles=0
                Merged Map outputs=3
                GC time elapsed (ms)=475
                CPU time spent (ms)=2350
                Physical memory (bytes) snapshot=1751347200
                Virtual memory (bytes) snapshot=17384845312
                Total committed heap usage (bytes)=1494220800
                Peak Map Physical memory (bytes)=531525632
                Peak Map Virtual memory (bytes)=4346064896
                Peak Reduce Physical memory (bytes)=238497792
                Peak Reduce Virtual memory (bytes)=4349419520
        Shuffle Errors
                BAD_ID=0
                CONNECTION=0
                IO_ERROR=0
                WRONG_LENGTH=0
                WRONG_MAP=0
                WRONG_REDUCE=0
        File Input Format Counters
                Bytes Read=399
        File Output Format Counters
                Bytes Written=458