> hadoop jar wordcountmapperonly.jar /HadoopInputFiles mapperonlyoutput
2021-08-13 18:07:55,109 INFO client.RMProxy: Connecting to ResourceManager at test-cluster-m/10.128.0.9:8032
2021-08-13 18:07:55,346 INFO client.AHSProxy: Connecting to Application History server at test-cluster-m/10.128.0.9:10200
Exception in thread "main" org.apache.hadoop.mapred.FileAlreadyExistsException: Output directory hdfs://test-cluster-m/user/engineereddata/mapperonlyoutput already exists
        at org.apache.hadoop.mapreduce.lib.output.FileOutputFormat.checkOutputSpecs(FileOutputFormat.java:164)
        at org.apache.hadoop.mapreduce.JobSubmitter.checkSpecs(JobSubmitter.java:277)
        at org.apache.hadoop.mapreduce.JobSubmitter.submitJobInternal(JobSubmitter.java:143)
        at org.apache.hadoop.mapreduce.Job$11.run(Job.java:1565)
        at org.apache.hadoop.mapreduce.Job$11.run(Job.java:1562)
        at java.security.AccessController.doPrivileged(Native Method)
        at javax.security.auth.Subject.doAs(Subject.java:422)
        at org.apache.hadoop.security.UserGroupInformation.doAs(UserGroupInformation.java:1762)
        at org.apache.hadoop.mapreduce.Job.submit(Job.java:1562)
        at org.apache.hadoop.mapreduce.Job.waitForCompletion(Job.java:1583)
        at wordcountmapreduce.WordCount.run(WordCount.java:34)
        at org.apache.hadoop.util.ToolRunner.run(ToolRunner.java:76)
        at org.apache.hadoop.util.ToolRunner.run(ToolRunner.java:90)
        at wordcountmapreduce.WordCount.main(WordCount.java:38)
        at sun.reflect.NativeMethodAccessorImpl.invoke0(Native Method)
        at sun.reflect.NativeMethodAccessorImpl.invoke(NativeMethodAccessorImpl.java:62)
        at sun.reflect.DelegatingMethodAccessorImpl.invoke(DelegatingMethodAccessorImpl.java:43)
        at java.lang.reflect.Method.invoke(Method.java:498)
        at org.apache.hadoop.util.RunJar.run(RunJar.java:323)
        at org.apache.hadoop.util.RunJar.main(RunJar.java:236)